# JRE version: Java(TM) SE Runtime Environment (17.0.11+7) (build 17.0.11+7-LTS-207)
# Java VM: Java HotSpot(TM) 64-Bit Server VM (17.0.11+7-LTS-207, mixed mode, emulated-client, sharing, tiered, compressed oops, compressed class ptrs, g1 gc, windows-amd64)
GC Precious Log:
 CPUs: 8 total, 8 available
 Memory: 16073M
 Large Page Support: Disabled
 NUMA Support: Disabled
 Compressed Oops: Enabled (Zero based)
 Heap Region Size: 2M
 Heap Min Capacity: 8M
 Heap Initial Capacity: 252M
 Heap Max Capacity: 4020M
 Pre-touch: Disabled
 Parallel Workers: 8
 Concurrent Workers: 2
 Concurrent Refinement Workers: 8
 Periodic GC: Disabled
Heap:
 garbage-first heap   total 81920K, used 37868K [0x0000000704c00000, 0x0000000800000000)
  region size 2048K, 6 young (12288K), 1 survivors (2048K)
 Metaspace       used 61279K, committed 61888K, reserved 1114112K
  class space    used 8992K, committed 9280K, reserved 1048576K
GC Heap History (20 events):
Event: 1.370 GC heap before
{Heap before GC invocations=5 (full 0):
 garbage-first heap   total 69632K, used 48312K [0x0000000704c00000, 0x0000000800000000)
  region size 2048K, 21 young (43008K), 4 survivors (8192K)
 Metaspace       used 25839K, committed 26176K, reserved 1114112K
  class space    used 3617K, committed 3776K, reserved 1048576K
}
Event: 1.376 GC heap after
{Heap after GC invocations=6 (full 0):
 garbage-first heap   total 69632K, used 18111K [0x0000000704c00000, 0x0000000800000000)
  region size 2048K, 5 young (10240K), 5 survivors (10240K)
 Metaspace       used 25839K, committed 26176K, reserved 1114112K
  class space    used 3617K, committed 3776K, reserved 1048576K
}
Event: 1.398 GC heap before
{Heap before GC invocations=6 (full 0):
 garbage-first heap   total 69632K, used 20159K [0x0000000704c00000, 0x0000000800000000)
  region size 2048K, 6 young (12288K), 5 survivors (10240K)
 Metaspace       used 26059K, committed 26432K, reserved 1114112K
  class space    used 3666K, committed 3840K, reserved 1048576K
}
Event: 1.404 GC heap after
{Heap after GC invocations=7 (full 0):
 garbage-first heap   total 69632K, used 19001K [0x0000000704c00000, 0x0000000800000000)
  region size 2048K, 1 young (2048K), 1 survivors (2048K)
 Metaspace       used 26059K, committed 26432K, reserved 1114112K
  class space    used 3666K, committed 3840K, reserved 1048576K
}
Event: 1.670 GC heap before
{Heap before GC invocations=7 (full 0):
 garbage-first heap   total 69632K, used 45625K [0x0000000704c00000, 0x0000000800000000)
  region size 2048K, 14 young (28672K), 1 survivors (2048K)
 Metaspace       used 30700K, committed 31168K, reserved 1114112K
  class space    used 4278K, committed 4480K, reserved 1048576K
}
Event: 1.672 GC heap after
{Heap after GC invocations=8 (full 0):
 garbage-first heap   total 124928K, used 20076K [0x0000000704c00000, 0x0000000800000000)
  region size 2048K, 2 young (4096K), 2 survivors (4096K)
 Metaspace       used 30700K, committed 31168K, reserved 1114112K
  class space    used 4278K, committed 4480K, reserved 1048576K
}
Event: 1.893 GC heap before
{Heap before GC invocations=8 (full 0):
 garbage-first heap   total 124928K, used 42604K [0x0000000704c00000, 0x0000000800000000)
  region size 2048K, 14 young (28672K), 2 survivors (4096K)
 Metaspace       used 35522K, committed 35968K, reserved 1114112K
  class space    used 5085K, committed 5312K, reserved 1048576K
}
Event: 1.896 GC heap after
{Heap after GC invocations=9 (full 0):
 garbage-first heap   total 124928K, used 21059K [0x0000000704c00000, 0x0000000800000000)
  region size 2048K, 2 young (4096K), 2 survivors (4096K)
 Metaspace       used 35522K, committed 35968K, reserved 1114112K
  class space    used 5085K, committed 5312K, reserved 1048576K
}
Event: 3.457 GC heap before
{Heap before GC invocations=10 (full 0):
 garbage-first heap   total 81920K, used 66115K [0x0000000704c00000, 0x0000000800000000)
  region size 2048K, 24 young (49152K), 2 survivors (4096K)
 Metaspace       used 46151K, committed 46656K, reserved 1114112K
  class space    used 6614K, committed 6848K, reserved 1048576K
}
Event: 3.460 GC heap after
{Heap after GC invocations=11 (full 0):
 garbage-first heap   total 81920K, used 23418K [0x0000000704c00000, 0x0000000800000000)
  region size 2048K, 3 young (6144K), 3 survivors (6144K)
 Metaspace       used 46151K, committed 46656K, reserved 1114112K
  class space    used 6614K, committed 6848K, reserved 1048576K
}
Event: 3.498 GC heap before
{Heap before GC invocations=11 (full 0):
 garbage-first heap   total 81920K, used 25466K [0x0000000704c00000, 0x0000000800000000)
  region size 2048K, 4 young (8192K), 3 survivors (6144K)
 Metaspace       used 47098K, committed 47552K, reserved 1114112K
  class space    used 6712K, committed 6912K, reserved 1048576K
}
Event: 3.501 GC heap after
{Heap after GC invocations=12 (full 0):
 garbage-first heap   total 81920K, used 23830K [0x0000000704c00000, 0x0000000800000000)
  region size 2048K, 1 young (2048K), 1 survivors (2048K)
 Metaspace       used 47098K, committed 47552K, reserved 1114112K
  class space    used 6712K, committed 6912K, reserved 1048576K
}
Event: 3.910 GC heap before
{Heap before GC invocations=12 (full 0):
 garbage-first heap   total 81920K, used 60694K [0x0000000704c00000, 0x0000000800000000)
  region size 2048K, 19 young (38912K), 1 survivors (2048K)
 Metaspace       used 53702K, committed 54272K, reserved 1114112K
  class space    used 7773K, committed 8000K, reserved 1048576K
}
Event: 3.913 GC heap after
{Heap after GC invocations=13 (full 0):
 garbage-first heap   total 81920K, used 25363K [0x0000000704c00000, 0x0000000800000000)
  region size 2048K, 2 young (4096K), 2 survivors (4096K)
 Metaspace       used 53702K, committed 54272K, reserved 1114112K
  class space    used 7773K, committed 8000K, reserved 1048576K
}
Event: 4.278 GC heap before
{Heap before GC invocations=13 (full 0):
 garbage-first heap   total 81920K, used 60179K [0x0000000704c00000, 0x0000000800000000)
  region size 2048K, 19 young (38912K), 2 survivors (4096K)
 Metaspace       used 58098K, committed 58624K, reserved 1114112K
  class space    used 8471K, committed 8704K, reserved 1048576K
}
Event: 4.281 GC heap after
{Heap after GC invocations=14 (full 0):
 garbage-first heap   total 81920K, used 28786K [0x0000000704c00000, 0x0000000800000000)
  region size 2048K, 3 young (6144K), 3 survivors (6144K)
 Metaspace       used 58098K, committed 58624K, reserved 1114112K
  class space    used 8471K, committed 8704K, reserved 1048576K
}
Event: 4.417 GC heap before
{Heap before GC invocations=14 (full 0):
 garbage-first heap   total 81920K, used 41074K [0x0000000704c00000, 0x0000000800000000)
  region size 2048K, 10 young (20480K), 3 survivors (6144K)
 Metaspace       used 59732K, committed 60288K, reserved 1114112K
  class space    used 8723K, committed 9024K, reserved 1048576K
}
Event: 4.421 GC heap after
{Heap after GC invocations=15 (full 0):
 garbage-first heap   total 81920K, used 29304K [0x0000000704c00000, 0x0000000800000000)
  region size 2048K, 1 young (2048K), 1 survivors (2048K)
 Metaspace       used 59732K, committed 60288K, reserved 1114112K
  class space    used 8723K, committed 9024K, reserved 1048576K
}
Event: 287.067 GC heap before
{Heap before GC invocations=16 (full 0):
 garbage-first heap   total 81920K, used 62072K [0x0000000704c00000, 0x0000000800000000)
  region size 2048K, 18 young (36864K), 1 survivors (2048K)
 Metaspace       used 61135K, committed 61696K, reserved 1114112K
  class space    used 8970K, committed 9216K, reserved 1048576K
}
Event: 287.071 GC heap after
{Heap after GC invocations=17 (full 0):
 garbage-first heap   total 81920K, used 29676K [0x0000000704c00000, 0x0000000800000000)
  region size 2048K, 1 young (2048K), 1 survivors (2048K)
 Metaspace       used 61135K, committed 61696K, reserved 1114112K
  class space    used 8970K, committed 9216K, reserved 1048576K
}

